SF:lib/core/error/failure.dart
DA:6,5
DA:8,0
DA:9,0
DA:13,0
DA:17,5
LF:5
LH:2
end_of_record
SF:lib/domain/entities/address.dart
DA:9,9
DA:11,1
DA:12,5
LF:3
LH:3
end_of_record
SF:lib/domain/entities/practitioner.dart
DA:13,10
DA:22,2
DA:25,2
DA:26,2
DA:27,2
DA:28,2
DA:29,2
DA:30,0
DA:31,2
DA:32,2
DA:36,2
DA:37,4
DA:38,4
DA:39,4
DA:40,4
DA:41,6
DA:42,3
DA:43,3
DA:46,1
DA:48,8
LF:20
LH:19
end_of_record
SF:lib/data/repositories/practitioner_repository_impl.dart
DA:12,1
DA:14,1
DA:18,1
DA:19,2
DA:21,2
DA:22,1
DA:23,3
DA:24,2
DA:25,5
DA:28,1
DA:30,2
DA:31,1
DA:32,1
DA:33,2
DA:34,5
LF:15
LH:15
end_of_record
SF:lib/data/data_sources/firebase_firestore/firestore_collections.dart
DA:7,1
DA:10,1
DA:11,1
DA:12,1
DA:13,2
DA:14,2
LF:6
LH:6
end_of_record
SF:lib/data/models/practitioner.dart
DA:17,3
DA:29,2
DA:30,2
DA:31,4
DA:32,2
DA:33,2
DA:34,2
DA:35,2
DA:36,2
DA:37,2
DA:38,2
DA:39,2
DA:41,4
DA:46,1
DA:47,1
DA:48,2
DA:49,1
DA:50,1
DA:51,1
DA:52,1
DA:53,1
DA:54,1
DA:55,2
DA:56,1
DA:60,1
DA:62,8
DA:64,2
DA:66,2
DA:67,4
DA:68,2
DA:69,2
DA:70,2
DA:71,2
DA:72,2
DA:73,2
DA:77,1
DA:78,1
DA:79,2
DA:80,1
DA:81,1
DA:82,1
DA:83,1
DA:84,1
DA:85,1
DA:89,2
DA:93,2
DA:94,2
DA:95,2
DA:96,2
DA:97,2
DA:98,2
DA:99,2
DA:100,2
DA:101,0
DA:102,1
LF:55
LH:54
end_of_record
SF:lib/data/models/address.dart
DA:13,4
DA:22,3
DA:23,3
DA:24,3
DA:25,3
DA:26,3
DA:27,3
DA:28,3
DA:29,3
DA:31,6
DA:36,1
DA:37,1
DA:38,1
DA:39,1
DA:40,1
DA:41,1
DA:42,1
DA:43,1
DA:47,1
DA:48,5
DA:50,2
DA:51,2
DA:52,2
DA:53,2
DA:54,2
DA:55,2
DA:59,1
DA:60,1
DA:61,1
DA:62,1
DA:63,1
DA:64,1
LF:32
LH:32
end_of_record
SF:lib/domain/usecases/get_practitioner_info_use_case.dart
DA:9,1
DA:11,1
DA:12,2
LF:3
LH:3
end_of_record
SF:lib/domain/usecases/save_practitioner_use_case.dart
DA:9,1
DA:13,1
DA:15,1
DA:16,1
DA:18,2
LF:5
LH:5
end_of_record
SF:lib/core/providers.g.dart
DA:9,0
DA:13,0
DA:23,0
DA:28,0
DA:29,0
DA:41,0
DA:46,2
DA:47,1
DA:59,0
DA:64,2
DA:65,1
LF:11
LH:4
end_of_record
SF:lib/core/providers.dart
DA:10,0
DA:11,0
DA:13,0
DA:15,0
DA:17,0
DA:20,0
DA:21,0
DA:23,0
DA:26,0
DA:27,0
LF:10
LH:0
end_of_record
SF:lib/presentation/profile/practitioner_profile.dart
DA:9,1
DA:11,1
DA:14,4
DA:15,1
DA:17,1
DA:18,2
DA:19,2
DA:20,0
DA:21,2
DA:22,1
DA:23,1
DA:24,3
DA:25,2
DA:26,2
DA:27,2
DA:28,3
DA:29,3
DA:30,3
LF:18
LH:17
end_of_record
SF:lib/presentation/signup/practitioner_form.dart
DA:8,1
DA:10,1
DA:12,1
DA:13,1
DA:14,1
DA:15,1
DA:16,1
DA:17,1
DA:18,1
DA:19,1
DA:21,1
DA:23,1
DA:24,2
DA:26,2
DA:27,2
DA:28,2
DA:29,2
DA:30,2
DA:31,2
DA:32,2
DA:33,1
DA:34,2
DA:35,2
DA:36,2
DA:38,2
DA:39,1
DA:40,1
DA:41,1
DA:43,0
DA:44,0
DA:50,1
DA:52,1
DA:53,1
DA:54,1
DA:58,1
DA:59,1
DA:65,1
DA:69,1
DA:70,1
DA:76,1
DA:81,1
DA:85,1
DA:86,1
DA:92,1
DA:96,1
DA:97,1
DA:103,1
DA:107,1
DA:108,1
DA:114,1
DA:118,1
DA:119,1
DA:125,1
DA:129,1
DA:130,1
DA:136,1
DA:137,1
DA:138,1
LF:58
LH:56
end_of_record
